#
# There is insufficient memory for the Java Runtime Environment to continue.
# Native memory allocation (mmap) failed to map 254803968 bytes for committing reserved memory.
# Possible reasons:
#   The system is out of physical RAM or swap space
#   The process is running with CompressedOops enabled, and the Java Heap may be blocking the growth of the native heap
# Possible solutions:
#   Reduce memory load on the system
#   Increase physical memory or swap space
#   Check if swap backing store is full
#   Decrease Java heap size (-Xmx/-Xms)
#   Decrease number of Java threads
#   Decrease Java thread stack sizes (-Xss)
#   Set larger code cache with -XX:ReservedCodeCacheSize=
#   JVM is running with Unscaled Compressed Oops mode in which the Java heap is
#     placed in the first 4GB address space. The Java Heap base address is the
#     maximum limit for the native heap growth. Please use -XX:HeapBaseMinAddress
#     to set the Java Heap base and to place the Java Heap above 4GB virtual address.
# This output file may be truncated or incomplete.
#
#  Out of Memory Error (os_linux.cpp:2749), pid=2702, tid=0x00007fbf741af700
#
# JRE version: Java(TM) SE Runtime Environment (8.0_201-b09) (build 1.8.0_201-b09)
# Java VM: Java HotSpot(TM) 64-Bit Server VM (25.201-b09 mixed mode linux-amd64 compressed oops)
# Failed to write core dump. Core dumps have been disabled. To enable core dumping, try "ulimit -c unlimited" before starting Java again
#

---------------  T H R E A D  ---------------

Current thread (0x00007fbf84082800):  VMThread [stack: 0x00007fbf740b0000,0x00007fbf741b0000] [id=2718]

Stack: [0x00007fbf740b0000,0x00007fbf741b0000],  sp=0x00007fbf741ae3f0,  free space=1016k
Native frames: (J=compiled Java code, j=interpreted, Vv=VM code, C=native code)
V  [libjvm.so+0xad3525]  VMError::report_and_die()+0x2e5
V  [libjvm.so+0x4e0457]  report_vm_out_of_memory(char const*, int, unsigned long, VMErrorType, char const*)+0x67
V  [libjvm.so+0x9102f0]  os::pd_commit_memory(char*, unsigned long, unsigned long, bool)+0x100
V  [libjvm.so+0x90791f]  os::commit_memory(char*, unsigned long, unsigned long, bool)+0x1f
V  [libjvm.so+0x98c806]  PSVirtualSpace::expand_by(unsigned long)+0x56
V  [libjvm.so+0x98da98]  PSYoungGen::resize(unsigned long, unsigned long)+0xd8
V  [libjvm.so+0x98a236]  PSScavenge::invoke_no_policy()+0x1376
V  [libjvm.so+0x98a5cc]  PSScavenge::invoke()+0x4c
V  [libjvm.so+0x93a318]  ParallelScavengeHeap::failed_mem_allocate(unsigned long)+0x68
V  [libjvm.so+0xad5073]  VM_ParallelGCFailedAllocation::doit()+0x93
V  [libjvm.so+0xada296]  VM_Operation::evaluate()+0x46
V  [libjvm.so+0xad85cd]  VMThread::evaluate_operation(VM_Operation*) [clone .constprop.44]+0xcd
V  [libjvm.so+0xad8bb3]  VMThread::loop()+0x3a3
V  [libjvm.so+0xad8f88]  VMThread::run()+0x78
V  [libjvm.so+0x90d922]  java_start(Thread*)+0x102

VM_Operation (0x00007fbf8deb7f80): ParallelGCFailedAllocation, mode: safepoint, requested by thread 0x00007fbf8400c800


---------------  P R O C E S S  ---------------

Java Threads: ( => current thread )
  0x00007fbf840d7000 JavaThread "Service Thread" daemon [_thread_blocked, id=2726, stack(0x00007fbf6712c000,0x00007fbf6722d000)]
  0x00007fbf840cb800 JavaThread "C1 CompilerThread3" daemon [_thread_blocked, id=2725, stack(0x00007fbf6722e000,0x00007fbf6732e000)]
  0x00007fbf840c9800 JavaThread "C2 CompilerThread2" daemon [_thread_blocked, id=2724, stack(0x00007fbf6732f000,0x00007fbf6742f000)]
  0x00007fbf840c7800 JavaThread "C2 CompilerThread1" daemon [_thread_blocked, id=2723, stack(0x00007fbf67430000,0x00007fbf67530000)]
  0x00007fbf840c5000 JavaThread "C2 CompilerThread0" daemon [_thread_blocked, id=2722, stack(0x00007fbf67531000,0x00007fbf67631000)]
  0x00007fbf840c3800 JavaThread "Signal Dispatcher" daemon [_thread_blocked, id=2721, stack(0x00007fbf6c07d000,0x00007fbf6c17e000)]
  0x00007fbf8408f000 JavaThread "Finalizer" daemon [_thread_blocked, id=2720, stack(0x00007fbf6c17e000,0x00007fbf6c27f000)]
  0x00007fbf8408c800 JavaThread "Reference Handler" daemon [_thread_blocked, id=2719, stack(0x00007fbf6c27f000,0x00007fbf6c380000)]
  0x00007fbf8400c800 JavaThread "main" [_thread_blocked, id=2706, stack(0x00007fbf8ddba000,0x00007fbf8deba000)]

Other Threads:
=>0x00007fbf84082800 VMThread [stack: 0x00007fbf740b0000,0x00007fbf741b0000] [id=2718]
  0x00007fbf840d9800 WatcherThread [stack: 0x00007fbf6702c000,0x00007fbf6712c000] [id=2727]

VM state:at safepoint (normal execution)

VM Mutex/Monitor currently owned by a thread:  ([mutex/lock_event])
[0x00007fbf84008f10] Threads_lock - owner thread: 0x00007fbf84082800
[0x00007fbf84009410] Heap_lock - owner thread: 0x00007fbf8400c800

heap address: 0x0000000087000000, size: 1936 MB, Compressed Oops mode: 32-bit
Narrow klass base: 0x0000000000000000, Narrow klass shift: 3
Compressed class space size: 1073741824 Address: 0x0000000100000000

Heap:
 PSYoungGen      total 261632K, used 8012K [0x00000000d7b00000, 0x00000000e8600000, 0x0000000100000000)
  eden space 249856K, 0% used [0x00000000d7b00000,0x00000000d7b00000,0x00000000e6f00000)
  from space 11776K, 68% used [0x00000000e6f00000,0x00000000e76d32f8,0x00000000e7a80000)
  to   space 11776K, 0% used [0x00000000e7a80000,0x00000000e7a80000,0x00000000e8600000)
 ParOldGen       total 83456K, used 17556K [0x0000000087000000, 0x000000008c180000, 0x00000000d7b00000)
  object space 83456K, 21% used [0x0000000087000000,0x00000000881251b8,0x000000008c180000)
 Metaspace       used 17295K, capacity 17679K, committed 17792K, reserved 1064960K
  class space    used 1765K, capacity 1858K, committed 1920K, reserved 1048576K

Card table byte_map: [0x00007fbf8a6ce000,0x00007fbf8aa97000] byte_map_base: 0x00007fbf8a296000

Marking Bits: (ParMarkBitMap*) 0x00007fbf8d264d80
 Begin Bits: [0x00007fbf6c380000, 0x00007fbf6e1c0000)
 End Bits:   [0x00007fbf6e1c0000, 0x00007fbf70000000)

Polling page: 0x00007fbf8ded4000

CodeCache: size=245760Kb used=15787Kb max_used=15818Kb free=229972Kb
 bounds [0x00007fbf75000000, 0x00007fbf75f80000, 0x00007fbf84000000]
 total_blobs=3488 nmethods=3101 adapters=300
 compilation: enabled

Compilation events (10 events):
Event: 4,108 Thread 0x00007fbf840c5000 nmethod 3102 0x00007fbf75f70150 code [0x00007fbf75f715a0, 0x00007fbf75f78d00]
Event: 4,108 Thread 0x00007fbf840c5000 3169       4       java.lang.reflect.Method::hashCode (19 bytes)
Event: 4,113 Thread 0x00007fbf840c5000 nmethod 3169 0x00007fbf75f40710 code [0x00007fbf75f40880, 0x00007fbf75f40bc8]
Event: 4,113 Thread 0x00007fbf840c5000 3171       4       freemarker.core.EvalUtil::modelToString (62 bytes)
Event: 4,114 Thread 0x00007fbf840c5000 nmethod 3171 0x00007fbf75f0edd0 code [0x00007fbf75f0ef20, 0x00007fbf75f0eff8]
Event: 4,114 Thread 0x00007fbf840c5000 3164       4       freemarker.core.EvalUtil::coerceModelToString (270 bytes)
Event: 4,116 Thread 0x00007fbf840c5000 nmethod 3164 0x00007fbf75f44390 code [0x00007fbf75f44520, 0x00007fbf75f44868]
Event: 4,116 Thread 0x00007fbf840c5000 3170       4       freemarker.core.Expression::evalAndCoerceToString (12 bytes)
Event: 4,120 Thread 0x00007fbf840c5000 nmethod 3170 0x00007fbf75f6dc90 code [0x00007fbf75f6de40, 0x00007fbf75f6e208]
Event: 4,120 Thread 0x00007fbf840c5000 3167       4       freemarker.core.DollarVariable::accept (16 bytes)

GC Heap History (10 events):
Event: 1,112 GC heap after
Heap after GC invocations=2 (full 0):
 PSYoungGen      total 67584K, used 5088K [0x00000000d7b00000, 0x00000000dc200000, 0x0000000100000000)
  eden space 62464K, 0% used [0x00000000d7b00000,0x00000000d7b00000,0x00000000db800000)
  from space 5120K, 99% used [0x00000000dbd00000,0x00000000dc1f8020,0x00000000dc200000)
  to   space 5120K, 0% used [0x00000000db800000,0x00000000db800000,0x00000000dbd00000)
 ParOldGen       total 83456K, used 5616K [0x0000000087000000, 0x000000008c180000, 0x00000000d7b00000)
  object space 83456K, 6% used [0x0000000087000000,0x000000008757c3e8,0x000000008c180000)
 Metaspace       used 13001K, capacity 13128K, committed 13312K, reserved 1060864K
  class space    used 1454K, capacity 1494K, committed 1536K, reserved 1048576K
}
Event: 1,721 GC heap before
{Heap before GC invocations=3 (full 0):
 PSYoungGen      total 67584K, used 67552K [0x00000000d7b00000, 0x00000000dc200000, 0x0000000100000000)
  eden space 62464K, 100% used [0x00000000d7b00000,0x00000000db800000,0x00000000db800000)
  from space 5120K, 99% used [0x00000000dbd00000,0x00000000dc1f8020,0x00000000dc200000)
  to   space 5120K, 0% used [0x00000000db800000,0x00000000db800000,0x00000000dbd00000)
 ParOldGen       total 83456K, used 5616K [0x0000000087000000, 0x000000008c180000, 0x00000000d7b00000)
  object space 83456K, 6% used [0x0000000087000000,0x000000008757c3e8,0x000000008c180000)
 Metaspace       used 15916K, capacity 16113K, committed 16384K, reserved 1064960K
  class space    used 1658K, capacity 1709K, committed 1792K, reserved 1048576K
Event: 1,731 GC heap after
Heap after GC invocations=3 (full 0):
 PSYoungGen      total 67584K, used 5106K [0x00000000d7b00000, 0x00000000dff00000, 0x0000000100000000)
  eden space 62464K, 0% used [0x00000000d7b00000,0x00000000d7b00000,0x00000000db800000)
  from space 5120K, 99% used [0x00000000db800000,0x00000000dbcfcac8,0x00000000dbd00000)
  to   space 5120K, 0% used [0x00000000dfa00000,0x00000000dfa00000,0x00000000dff00000)
 ParOldGen       total 83456K, used 8583K [0x0000000087000000, 0x000000008c180000, 0x00000000d7b00000)
  object space 83456K, 10% used [0x0000000087000000,0x0000000087861e60,0x000000008c180000)
 Metaspace       used 15916K, capacity 16113K, committed 16384K, reserved 1064960K
  class space    used 1658K, capacity 1709K, committed 1792K, reserved 1048576K
}
Event: 1,940 GC heap before
{Heap before GC invocations=4 (full 0):
 PSYoungGen      total 67584K, used 67570K [0x00000000d7b00000, 0x00000000dff00000, 0x0000000100000000)
  eden space 62464K, 100% used [0x00000000d7b00000,0x00000000db800000,0x00000000db800000)
  from space 5120K, 99% used [0x00000000db800000,0x00000000dbcfcac8,0x00000000dbd00000)
  to   space 5120K, 0% used [0x00000000dfa00000,0x00000000dfa00000,0x00000000dff00000)
 ParOldGen       total 83456K, used 8583K [0x0000000087000000, 0x000000008c180000, 0x00000000d7b00000)
  object space 83456K, 10% used [0x0000000087000000,0x0000000087861e60,0x000000008c180000)
 Metaspace       used 16178K, capacity 16383K, committed 16640K, reserved 1064960K
  class space    used 1677K, capacity 1722K, committed 1792K, reserved 1048576K
Event: 1,950 GC heap after
Heap after GC invocations=4 (full 0):
 PSYoungGen      total 130048K, used 5103K [0x00000000d7b00000, 0x00000000dff00000, 0x0000000100000000)
  eden space 124928K, 0% used [0x00000000d7b00000,0x00000000d7b00000,0x00000000df500000)
  from space 5120K, 99% used [0x00000000dfa00000,0x00000000dfefbcc0,0x00000000dff00000)
  to   space 5120K, 0% used [0x00000000df500000,0x00000000df500000,0x00000000dfa00000)
 ParOldGen       total 83456K, used 10175K [0x0000000087000000, 0x000000008c180000, 0x00000000d7b00000)
  object space 83456K, 12% used [0x0000000087000000,0x00000000879efeb0,0x000000008c180000)
 Metaspace       used 16178K, capacity 16383K, committed 16640K, reserved 1064960K
  class space    used 1677K, capacity 1722K, committed 1792K, reserved 1048576K
}
Event: 2,623 GC heap before
{Heap before GC invocations=5 (full 0):
 PSYoungGen      total 130048K, used 130031K [0x00000000d7b00000, 0x00000000dff00000, 0x0000000100000000)
  eden space 124928K, 100% used [0x00000000d7b00000,0x00000000df500000,0x00000000df500000)
  from space 5120K, 99% used [0x00000000dfa00000,0x00000000dfefbcc0,0x00000000dff00000)
  to   space 5120K, 0% used [0x00000000df500000,0x00000000df500000,0x00000000dfa00000)
 ParOldGen       total 83456K, used 10175K [0x0000000087000000, 0x000000008c180000, 0x00000000d7b00000)
  object space 83456K, 12% used [0x0000000087000000,0x00000000879efeb0,0x000000008c180000)
 Metaspace       used 16896K, capacity 17213K, committed 17536K, reserved 1064960K
  class space    used 1736K, capacity 1807K, committed 1920K, reserved 1048576K
Event: 2,638 GC heap after
Heap after GC invocations=5 (full 0):
 PSYoungGen      total 130048K, used 5114K [0x00000000d7b00000, 0x00000000e8600000, 0x0000000100000000)
  eden space 124928K, 0% used [0x00000000d7b00000,0x00000000d7b00000,0x00000000df500000)
  from space 5120K, 99% used [0x00000000df500000,0x00000000df9fea98,0x00000000dfa00000)
  to   space 11776K, 0% used [0x00000000e7a80000,0x00000000e7a80000,0x00000000e8600000)
 ParOldGen       total 83456K, used 15025K [0x0000000087000000, 0x000000008c180000, 0x00000000d7b00000)
  object space 83456K, 18% used [0x0000000087000000,0x0000000087eac5b8,0x000000008c180000)
 Metaspace       used 16896K, capacity 17213K, committed 17536K, reserved 1064960K
  class space    used 1736K, capacity 1807K, committed 1920K, reserved 1048576K
}
Event: 3,097 GC heap before
{Heap before GC invocations=6 (full 0):
 PSYoungGen      total 130048K, used 130042K [0x00000000d7b00000, 0x00000000e8600000, 0x0000000100000000)
  eden space 124928K, 99% used [0x00000000d7b00000,0x00000000df4ffdb0,0x00000000df500000)
  from space 5120K, 99% used [0x00000000df500000,0x00000000df9fea98,0x00000000dfa00000)
  to   space 11776K, 0% used [0x00000000e7a80000,0x00000000e7a80000,0x00000000e8600000)
 ParOldGen       total 83456K, used 15025K [0x0000000087000000, 0x000000008c180000, 0x00000000d7b00000)
  object space 83456K, 18% used [0x0000000087000000,0x0000000087eac5b8,0x000000008c180000)
 Metaspace       used 17213K, capacity 17615K, committed 17792K, reserved 1064960K
  class space    used 1765K, capacity 1858K, committed 1920K, reserved 1048576K
Event: 3,124 GC heap after
Heap after GC invocations=6 (full 0):
 PSYoungGen      total 261632K, used 8830K [0x00000000d7b00000, 0x00000000e8600000, 0x0000000100000000)
  eden space 249856K, 0% used [0x00000000d7b00000,0x00000000d7b00000,0x00000000e6f00000)
  from space 11776K, 74% used [0x00000000e7a80000,0x00000000e831fab0,0x00000000e8600000)
  to   space 11776K, 0% used [0x00000000e6f00000,0x00000000e6f00000,0x00000000e7a80000)
 ParOldGen       total 83456K, used 15033K [0x0000000087000000, 0x000000008c180000, 0x00000000d7b00000)
  object space 83456K, 18% used [0x0000000087000000,0x0000000087eae5b8,0x000000008c180000)
 Metaspace       used 17213K, capacity 17615K, committed 17792K, reserved 1064960K
  class space    used 1765K, capacity 1858K, committed 1920K, reserved 1048576K
}
Event: 4,124 GC heap before
{Heap before GC invocations=7 (full 0):
 PSYoungGen      total 261632K, used 258686K [0x00000000d7b00000, 0x00000000e8600000, 0x0000000100000000)
  eden space 249856K, 100% used [0x00000000d7b00000,0x00000000e6f00000,0x00000000e6f00000)
  from space 11776K, 74% used [0x00000000e7a80000,0x00000000e831fab0,0x00000000e8600000)
  to   space 11776K, 0% used [0x00000000e6f00000,0x00000000e6f00000,0x00000000e7a80000)
 ParOldGen       total 83456K, used 15033K [0x0000000087000000, 0x000000008c180000, 0x00000000d7b00000)
  object space 83456K, 18% used [0x0000000087000000,0x0000000087eae5b8,0x000000008c180000)
 Metaspace       used 17295K, capacity 17679K, committed 17792K, reserved 1064960K
  class space    used 1765K, capacity 1858K, committed 1920K, reserved 1048576K

Deoptimization events (10 events):
Event: 2,164 Thread 0x00007fbf8400c800 Uncommon trap: reason=class_check action=maybe_recompile pc=0x00007fbf75914be4 method=java.io.Writer.write(Ljava/lang/String;)V @ 7
Event: 2,166 Thread 0x00007fbf8400c800 Uncommon trap: reason=unstable_if action=reinterpret pc=0x00007fbf75b7b5a8 method=freemarker.core.IteratorBlock$IterationContext.getLocalVariable(Ljava/lang/String;)Lfreemarker/template/TemplateModel; @ 71
Event: 2,166 Thread 0x00007fbf8400c800 Uncommon trap: reason=unstable_if action=reinterpret pc=0x00007fbf75b092b0 method=freemarker.core.IteratorBlock$IterationContext.getLocalVariable(Ljava/lang/String;)Lfreemarker/template/TemplateModel; @ 71
Event: 2,185 Thread 0x00007fbf8400c800 Uncommon trap: reason=unstable_if action=reinterpret pc=0x00007fbf7598320c method=java.util.regex.Pattern$Curly.match0(Ljava/util/regex/Matcher;IILjava/lang/CharSequence;)Z @ 66
Event: 2,186 Thread 0x00007fbf8400c800 Uncommon trap: reason=unstable_if action=reinterpret pc=0x00007fbf75b13d3c method=java.io.StreamTokenizer.nextToken()I @ 413
Event: 2,346 Thread 0x00007fbf8400c800 Uncommon trap: reason=unstable_if action=reinterpret pc=0x00007fbf754ccee0 method=freemarker.core.FMParser.jj_save(II)V @ 15
Event: 2,517 Thread 0x00007fbf8400c800 Uncommon trap: reason=unloaded action=reinterpret pc=0x00007fbf75cb5dd8 method=de.hunsicker.jalopy.printer.PrinterFactory.create(Lantlr/collections/AST;Lde/hunsicker/jalopy/printer/NodeWriter;)Lde/hunsicker/jalopy/printer/Printer; @ 1244
Event: 2,519 Thread 0x00007fbf8400c800 Uncommon trap: reason=predicate action=maybe_recompile pc=0x00007fbf75a893e0 method=de.hunsicker.jalopy.printer.NodeWriter.printBlankLines(I)V @ 5
Event: 2,936 Thread 0x00007fbf8400c800 Uncommon trap: reason=unstable_if action=reinterpret pc=0x00007fbf75c6dccc method=freemarker.core.FMParserTokenManager.jjMoveNfa_2(II)I @ 3376
Event: 2,966 Thread 0x00007fbf8400c800 Uncommon trap: reason=unstable_if action=reinterpret pc=0x00007fbf75cf9378 method=freemarker.template.DefaultObjectWrapper.wrap(Ljava/lang/Object;)Lfreemarker/template/TemplateModel; @ 45

Classes redefined (0 events):
No events

Internal exceptions (10 events):
Event: 2,777 Thread 0x00007fbf8400c800 Exception <a 'java/lang/NoClassDefFoundError': com/liferay/portal/kernel/transaction/Isolation> (0x00000000d9472328) thrown at [/HUDSON/workspace/8-2-build-linux-amd64/jdk8u201/12317/hotspot/src/share/vm/classfile/systemDictionary.cpp, line 199]
Event: 2,778 Thread 0x00007fbf8400c800 Exception <a 'java/lang/NoClassDefFoundError': com/liferay/portal/kernel/transaction/Isolation> (0x00000000d9480780) thrown at [/HUDSON/workspace/8-2-build-linux-amd64/jdk8u201/12317/hotspot/src/share/vm/classfile/systemDictionary.cpp, line 199]
Event: 2,778 Thread 0x00007fbf8400c800 Exception <a 'java/lang/NoClassDefFoundError': com/liferay/portal/kernel/transaction/Isolation> (0x00000000d9485b30) thrown at [/HUDSON/workspace/8-2-build-linux-amd64/jdk8u201/12317/hotspot/src/share/vm/classfile/systemDictionary.cpp, line 199]
Event: 2,778 Thread 0x00007fbf8400c800 Exception <a 'java/lang/NoClassDefFoundError': com/liferay/portal/kernel/transaction/Isolation> (0x00000000d9490790) thrown at [/HUDSON/workspace/8-2-build-linux-amd64/jdk8u201/12317/hotspot/src/share/vm/classfile/systemDictionary.cpp, line 199]
Event: 2,779 Thread 0x00007fbf8400c800 Exception <a 'java/lang/NoClassDefFoundError': com/liferay/portal/kernel/transaction/Isolation> (0x00000000d949b2d0) thrown at [/HUDSON/workspace/8-2-build-linux-amd64/jdk8u201/12317/hotspot/src/share/vm/classfile/systemDictionary.cpp, line 199]
Event: 2,779 Thread 0x00007fbf8400c800 Exception <a 'java/lang/NoClassDefFoundError': com/liferay/portal/kernel/transaction/Isolation> (0x00000000d94a75e0) thrown at [/HUDSON/workspace/8-2-build-linux-amd64/jdk8u201/12317/hotspot/src/share/vm/classfile/systemDictionary.cpp, line 199]
Event: 2,905 Thread 0x00007fbf8400c800 Exception <a 'java/lang/NoClassDefFoundError': com/liferay/portal/kernel/transaction/Isolation> (0x00000000db2a7ee8) thrown at [/HUDSON/workspace/8-2-build-linux-amd64/jdk8u201/12317/hotspot/src/share/vm/classfile/systemDictionary.cpp, line 199]
Event: 2,906 Thread 0x00007fbf8400c800 Exception <a 'java/lang/NoClassDefFoundError': com/liferay/portal/kernel/transaction/Isolation> (0x00000000db2d0258) thrown at [/HUDSON/workspace/8-2-build-linux-amd64/jdk8u201/12317/hotspot/src/share/vm/classfile/systemDictionary.cpp, line 199]
Event: 2,919 Thread 0x00007fbf8400c800 Exception <a 'java/lang/NoClassDefFoundError': com/liferay/portal/kernel/transaction/Isolation> (0x00000000db4300a8) thrown at [/HUDSON/workspace/8-2-build-linux-amd64/jdk8u201/12317/hotspot/src/share/vm/classfile/systemDictionary.cpp, line 199]
Event: 2,919 Thread 0x00007fbf8400c800 Exception <a 'java/lang/NoClassDefFoundError': com/liferay/portal/kernel/transaction/Isolation> (0x00000000db438500) thrown at [/HUDSON/workspace/8-2-build-linux-amd64/jdk8u201/12317/hotspot/src/share/vm/classfile/systemDictionary.cpp, line 199]

Events (10 events):
Event: 4,093 loading class com/liferay/portal/kernel/util/OrderByComparator done
Event: 4,093 loading class com/liferay/training/movies/model/Movie
Event: 4,093 loading class com/liferay/training/movies/model/Movie done
Event: 4,093 loading class com/liferay/training/movies/model/Movie
Event: 4,093 loading class com/liferay/training/movies/model/Movie done
Event: 4,093 loading class com/liferay/portal/kernel/util/OrderByComparator
Event: 4,093 loading class com/liferay/portal/kernel/util/OrderByComparator done
Event: 4,093 loading class com/liferay/training/movies/model/Movie
Event: 4,093 loading class com/liferay/training/movies/model/Movie done
Event: 4,122 Executing VM operation: ParallelGCFailedAllocation


Dynamic libraries:
00400000-00401000 r-xp 00000000 103:02 4200833                           /usr/lib/jvm/java-8-oracle/bin/java
00600000-00601000 r--p 00000000 103:02 4200833                           /usr/lib/jvm/java-8-oracle/bin/java
00601000-00602000 rw-p 00001000 103:02 4200833                           /usr/lib/jvm/java-8-oracle/bin/java
00d14000-00d35000 rw-p 00000000 00:00 0                                  [heap]
87000000-8c180000 rw-p 00000000 00:00 0 
8c180000-d7b00000 ---p 00000000 00:00 0 
d7b00000-e8600000 rw-p 00000000 00:00 0 
f7900000-100000000 ---p 00000000 00:00 0 
100000000-1001e0000 rw-p 00000000 00:00 0 
1001e0000-140000000 ---p 00000000 00:00 0 
7fbf20000000-7fbf20021000 rw-p 00000000 00:00 0 
7fbf20021000-7fbf24000000 ---p 00000000 00:00 0 
7fbf24000000-7fbf24021000 rw-p 00000000 00:00 0 
7fbf24021000-7fbf28000000 ---p 00000000 00:00 0 
7fbf28000000-7fbf28f79000 rw-p 00000000 00:00 0 
7fbf28f79000-7fbf2c000000 ---p 00000000 00:00 0 
7fbf2c000000-7fbf2ce48000 rw-p 00000000 00:00 0 
7fbf2ce48000-7fbf30000000 ---p 00000000 00:00 0 
7fbf30000000-7fbf310c2000 rw-p 00000000 00:00 0 
7fbf310c2000-7fbf34000000 ---p 00000000 00:00 0 
7fbf34000000-7fbf34e74000 rw-p 00000000 00:00 0 
7fbf34e74000-7fbf38000000 ---p 00000000 00:00 0 
7fbf38000000-7fbf38021000 rw-p 00000000 00:00 0 
7fbf38021000-7fbf3c000000 ---p 00000000 00:00 0 
7fbf3c000000-7fbf3c021000 rw-p 00000000 00:00 0 
7fbf3c021000-7fbf40000000 ---p 00000000 00:00 0 
7fbf40000000-7fbf4029c000 rw-p 00000000 00:00 0 
7fbf4029c000-7fbf44000000 ---p 00000000 00:00 0 
7fbf44000000-7fbf44021000 rw-p 00000000 00:00 0 
7fbf44021000-7fbf48000000 ---p 00000000 00:00 0 
7fbf48000000-7fbf48021000 rw-p 00000000 00:00 0 
7fbf48021000-7fbf4c000000 ---p 00000000 00:00 0 
7fbf4c000000-7fbf4c021000 rw-p 00000000 00:00 0 
7fbf4c021000-7fbf50000000 ---p 00000000 00:00 0 
7fbf50000000-7fbf50021000 rw-p 00000000 00:00 0 
7fbf50021000-7fbf54000000 ---p 00000000 00:00 0 
7fbf54fff000-7fbf58000000 rw-p 00000000 00:00 0 
7fbf58000000-7fbf58021000 rw-p 00000000 00:00 0 
7fbf58021000-7fbf5c000000 ---p 00000000 00:00 0 
7fbf5c000000-7fbf5c021000 rw-p 00000000 00:00 0 
7fbf5c021000-7fbf60000000 ---p 00000000 00:00 0 
7fbf60000000-7fbf60021000 rw-p 00000000 00:00 0 
7fbf60021000-7fbf64000000 ---p 00000000 00:00 0 
7fbf66401000-7fbf66581000 rw-p 00000000 00:00 0 
7fbf66581000-7fbf66601000 ---p 00000000 00:00 0 
7fbf66601000-7fbf66801000 rw-p 00000000 00:00 0 
7fbf66801000-7fbf66a01000 rw-p 00000000 00:00 0 
7fbf66a01000-7fbf66c01000 rw-p 00000000 00:00 0 
7fbf66c01000-7fbf66c17000 r-xp 00000000 103:02 9699592                   /usr/lib/jvm/java-8-oracle/jre/lib/amd64/libnet.so
7fbf66c17000-7fbf66e17000 ---p 00016000 103:02 9699592                   /usr/lib/jvm/java-8-oracle/jre/lib/amd64/libnet.so
7fbf66e17000-7fbf66e18000 r--p 00016000 103:02 9699592                   /usr/lib/jvm/java-8-oracle/jre/lib/amd64/libnet.so
7fbf66e18000-7fbf66e19000 rw-p 00017000 103:02 9699592                   /usr/lib/jvm/java-8-oracle/jre/lib/amd64/libnet.so
7fbf66e19000-7fbf66e2a000 r-xp 00000000 103:02 9699595                   /usr/lib/jvm/java-8-oracle/jre/lib/amd64/libnio.so
7fbf66e2a000-7fbf67029000 ---p 00011000 103:02 9699595                   /usr/lib/jvm/java-8-oracle/jre/lib/amd64/libnio.so
7fbf67029000-7fbf6702a000 r--p 00010000 103:02 9699595                   /usr/lib/jvm/java-8-oracle/jre/lib/amd64/libnio.so
7fbf6702a000-7fbf6702b000 rw-p 00011000 103:02 9699595                   /usr/lib/jvm/java-8-oracle/jre/lib/amd64/libnio.so
7fbf6702b000-7fbf6702c000 ---p 00000000 00:00 0 
7fbf6702c000-7fbf6712c000 rw-p 00000000 00:00 0 
7fbf6712c000-7fbf6712f000 ---p 00000000 00:00 0 
7fbf6712f000-7fbf6722d000 rw-p 00000000 00:00 0 
7fbf6722d000-7fbf6722e000 ---p 00000000 00:00 0 
7fbf6722e000-7fbf67231000 ---p 00000000 00:00 0 
7fbf67231000-7fbf6732e000 rw-p 00000000 00:00 0 
7fbf6732e000-7fbf6732f000 ---p 00000000 00:00 0 
7fbf6732f000-7fbf67332000 ---p 00000000 00:00 0 
7fbf67332000-7fbf6742f000 rw-p 00000000 00:00 0 
7fbf6742f000-7fbf67430000 ---p 00000000 00:00 0 
7fbf67430000-7fbf67433000 ---p 00000000 00:00 0 
7fbf67433000-7fbf67530000 rw-p 00000000 00:00 0 
7fbf67530000-7fbf67531000 ---p 00000000 00:00 0 
7fbf67531000-7fbf67534000 ---p 00000000 00:00 0 
7fbf67534000-7fbf67631000 rw-p 00000000 00:00 0 
7fbf67631000-7fbf68000000 r--p 00000000 103:02 4201070                   /usr/lib/locale/locale-archive
7fbf68000000-7fbf68021000 rw-p 00000000 00:00 0 
7fbf68021000-7fbf6c000000 ---p 00000000 00:00 0 
7fbf6c07d000-7fbf6c080000 ---p 00000000 00:00 0 
7fbf6c080000-7fbf6c17e000 rw-p 00000000 00:00 0 
7fbf6c17e000-7fbf6c181000 ---p 00000000 00:00 0 
7fbf6c181000-7fbf6c27f000 rw-p 00000000 00:00 0 
7fbf6c27f000-7fbf6c282000 ---p 00000000 00:00 0 
7fbf6c282000-7fbf70000000 rw-p 00000000 00:00 0 
7fbf70000000-7fbf70021000 rw-p 00000000 00:00 0 
7fbf70021000-7fbf74000000 ---p 00000000 00:00 0 
7fbf7406a000-7fbf7407d000 r--s 00345000 103:02 9570676                   /usr/lib/jvm/java-8-oracle/jre/lib/resources.jar
7fbf7407d000-7fbf74095000 r--s 00132000 103:02 3936858                   /home/tmachado/.gradle/caches/modules-2/files-2.1/org.freemarker/freemarker/2.3.23/cd143cd8c02a9f838e3cb75a6dfe133750437f6d/freemarker-2.3.23.jar
7fbf74095000-7fbf7409e000 r--s 0006f000 103:02 3937051                   /home/tmachado/.gradle/caches/modules-2/files-2.1/log4j/log4j/1.2.17/5af35056b4d257e4b64b9e8069c0746e8b08629f/log4j-1.2.17.jar
7fbf7409e000-7fbf740af000 r--s 00136000 103:02 3936856                   /home/tmachado/.gradle/caches/modules-2/files-2.1/jalopy/jalopy/1.5rc3/a6b23c9c7d3852ee494046d9680aa86bcccf8ece/jalopy-1.5rc3.jar
7fbf740af000-7fbf740b0000 ---p 00000000 00:00 0 
7fbf740b0000-7fbf75000000 rw-p 00000000 00:00 0 
7fbf75000000-7fbf75f80000 rwxp 00000000 00:00 0 
7fbf75f80000-7fbf84000000 ---p 00000000 00:00 0 
7fbf84000000-7fbf8497e000 rw-p 00000000 00:00 0 
7fbf8497e000-7fbf88000000 ---p 00000000 00:00 0 
7fbf88006000-7fbf88e28000 rw-p 00000000 00:00 0 
7fbf88e28000-7fbf89002000 r--s 03d6f000 103:02 9570672                   /usr/lib/jvm/java-8-oracle/jre/lib/rt.jar
7fbf89002000-7fbf89c40000 rw-p 00000000 00:00 0 
7fbf89c40000-7fbf89c41000 ---p 00000000 00:00 0 
7fbf89c41000-7fbf89d41000 rw-p 00000000 00:00 0 
7fbf89d41000-7fbf89d42000 ---p 00000000 00:00 0 
7fbf89d42000-7fbf89e42000 rw-p 00000000 00:00 0 
7fbf89e42000-7fbf89e43000 ---p 00000000 00:00 0 
7fbf89e43000-7fbf89f43000 rw-p 00000000 00:00 0 
7fbf89f43000-7fbf89f44000 ---p 00000000 00:00 0 
7fbf89f44000-7fbf8a044000 rw-p 00000000 00:00 0 
7fbf8a044000-7fbf8a045000 ---p 00000000 00:00 0 
7fbf8a045000-7fbf8a145000 rw-p 00000000 00:00 0 
7fbf8a145000-7fbf8a146000 ---p 00000000 00:00 0 
7fbf8a146000-7fbf8a246000 rw-p 00000000 00:00 0 
7fbf8a246000-7fbf8a247000 ---p 00000000 00:00 0 
7fbf8a247000-7fbf8a347000 rw-p 00000000 00:00 0 
7fbf8a347000-7fbf8a348000 ---p 00000000 00:00 0 
7fbf8a348000-7fbf8a471000 rw-p 00000000 00:00 0 
7fbf8a471000-7fbf8a6ce000 ---p 00000000 00:00 0 
7fbf8a6ce000-7fbf8a6f7000 rw-p 00000000 00:00 0 
7fbf8a6f7000-7fbf8a953000 ---p 00000000 00:00 0 
7fbf8a953000-7fbf8a9d9000 rw-p 00000000 00:00 0 
7fbf8a9d9000-7fbf8aa96000 ---p 00000000 00:00 0 
7fbf8aa96000-7fbf8aad5000 rw-p 00000000 00:00 0 
7fbf8aad5000-7fbf8ae57000 ---p 00000000 00:00 0 
7fbf8ae57000-7fbf8ae72000 r-xp 00000000 103:02 9699588                   /usr/lib/jvm/java-8-oracle/jre/lib/amd64/libzip.so
7fbf8ae72000-7fbf8b071000 ---p 0001b000 103:02 9699588                   /usr/lib/jvm/java-8-oracle/jre/lib/amd64/libzip.so
7fbf8b071000-7fbf8b072000 r--p 0001a000 103:02 9699588                   /usr/lib/jvm/java-8-oracle/jre/lib/amd64/libzip.so
7fbf8b072000-7fbf8b073000 rw-p 0001b000 103:02 9699588                   /usr/lib/jvm/java-8-oracle/jre/lib/amd64/libzip.so
7fbf8b073000-7fbf8b07e000 r-xp 00000000 103:02 21631708                  /lib/x86_64-linux-gnu/libnss_files-2.27.so
7fbf8b07e000-7fbf8b27d000 ---p 0000b000 103:02 21631708                  /lib/x86_64-linux-gnu/libnss_files-2.27.so
7fbf8b27d000-7fbf8b27e000 r--p 0000a000 103:02 21631708                  /lib/x86_64-linux-gnu/libnss_files-2.27.so
7fbf8b27e000-7fbf8b27f000 rw-p 0000b000 103:02 21631708                  /lib/x86_64-linux-gnu/libnss_files-2.27.so
7fbf8b27f000-7fbf8b285000 rw-p 00000000 00:00 0 
7fbf8b285000-7fbf8b29c000 r-xp 00000000 103:02 21631702                  /lib/x86_64-linux-gnu/libnsl-2.27.so
7fbf8b29c000-7fbf8b49b000 ---p 00017000 103:02 21631702                  /lib/x86_64-linux-gnu/libnsl-2.27.so
7fbf8b49b000-7fbf8b49c000 r--p 00016000 103:02 21631702                  /lib/x86_64-linux-gnu/libnsl-2.27.so
7fbf8b49c000-7fbf8b49d000 rw-p 00017000 103:02 21631702                  /lib/x86_64-linux-gnu/libnsl-2.27.so
7fbf8b49d000-7fbf8b49f000 rw-p 00000000 00:00 0 
7fbf8b49f000-7fbf8b4aa000 r-xp 00000000 103:02 21631719                  /lib/x86_64-linux-gnu/libnss_nis-2.27.so
7fbf8b4aa000-7fbf8b6a9000 ---p 0000b000 103:02 21631719                  /lib/x86_64-linux-gnu/libnss_nis-2.27.so
7fbf8b6a9000-7fbf8b6aa000 r--p 0000a000 103:02 21631719                  /lib/x86_64-linux-gnu/libnss_nis-2.27.so
7fbf8b6aa000-7fbf8b6ab000 rw-p 0000b000 103:02 21631719                  /lib/x86_64-linux-gnu/libnss_nis-2.27.so
7fbf8b6ab000-7fbf8b6b3000 r-xp 00000000 103:02 21631704                  /lib/x86_64-linux-gnu/libnss_compat-2.27.so
7fbf8b6b3000-7fbf8b8b3000 ---p 00008000 103:02 21631704                  /lib/x86_64-linux-gnu/libnss_compat-2.27.so
7fbf8b8b3000-7fbf8b8b4000 r--p 00008000 103:02 21631704                  /lib/x86_64-linux-gnu/libnss_compat-2.27.so
7fbf8b8b4000-7fbf8b8b5000 rw-p 00009000 103:02 21631704                  /lib/x86_64-linux-gnu/libnss_compat-2.27.so
7fbf8b8b5000-7fbf8b8e1000 r-xp 00000000 103:02 9699582                   /usr/lib/jvm/java-8-oracle/jre/lib/amd64/libjava.so
7fbf8b8e1000-7fbf8bae1000 ---p 0002c000 103:02 9699582                   /usr/lib/jvm/java-8-oracle/jre/lib/amd64/libjava.so
7fbf8bae1000-7fbf8bae2000 r--p 0002c000 103:02 9699582                   /usr/lib/jvm/java-8-oracle/jre/lib/amd64/libjava.so
7fbf8bae2000-7fbf8bae4000 rw-p 0002d000 103:02 9699582                   /usr/lib/jvm/java-8-oracle/jre/lib/amd64/libjava.so
7fbf8bae4000-7fbf8baf1000 r-xp 00000000 103:02 9699587                   /usr/lib/jvm/java-8-oracle/jre/lib/amd64/libverify.so
7fbf8baf1000-7fbf8bcf0000 ---p 0000d000 103:02 9699587                   /usr/lib/jvm/java-8-oracle/jre/lib/amd64/libverify.so
7fbf8bcf0000-7fbf8bcf2000 r--p 0000c000 103:02 9699587                   /usr/lib/jvm/java-8-oracle/jre/lib/amd64/libverify.so
7fbf8bcf2000-7fbf8bcf3000 rw-p 0000e000 103:02 9699587                   /usr/lib/jvm/java-8-oracle/jre/lib/amd64/libverify.so
7fbf8bcf3000-7fbf8bcfa000 r-xp 00000000 103:02 21631759                  /lib/x86_64-linux-gnu/librt-2.27.so
7fbf8bcfa000-7fbf8bef9000 ---p 00007000 103:02 21631759                  /lib/x86_64-linux-gnu/librt-2.27.so
7fbf8bef9000-7fbf8befa000 r--p 00006000 103:02 21631759                  /lib/x86_64-linux-gnu/librt-2.27.so
7fbf8befa000-7fbf8befb000 rw-p 00007000 103:02 21631759                  /lib/x86_64-linux-gnu/librt-2.27.so
7fbf8befb000-7fbf8c098000 r-xp 00000000 103:02 21631681                  /lib/x86_64-linux-gnu/libm-2.27.so
7fbf8c098000-7fbf8c297000 ---p 0019d000 103:02 21631681                  /lib/x86_64-linux-gnu/libm-2.27.so
7fbf8c297000-7fbf8c298000 r--p 0019c000 103:02 21631681                  /lib/x86_64-linux-gnu/libm-2.27.so
7fbf8c298000-7fbf8c299000 rw-p 0019d000 103:02 21631681                  /lib/x86_64-linux-gnu/libm-2.27.so
7fbf8c299000-7fbf8cf81000 r-xp 00000000 103:02 9699564                   /usr/lib/jvm/java-8-oracle/jre/lib/amd64/server/libjvm.so
7fbf8cf81000-7fbf8d180000 ---p 00ce8000 103:02 9699564                   /usr/lib/jvm/java-8-oracle/jre/lib/amd64/server/libjvm.so
7fbf8d180000-7fbf8d216000 r--p 00ce7000 103:02 9699564                   /usr/lib/jvm/java-8-oracle/jre/lib/amd64/server/libjvm.so
7fbf8d216000-7fbf8d247000 rw-p 00d7d000 103:02 9699564                   /usr/lib/jvm/java-8-oracle/jre/lib/amd64/server/libjvm.so
7fbf8d247000-7fbf8d282000 rw-p 00000000 00:00 0 
7fbf8d282000-7fbf8d469000 r-xp 00000000 103:02 21631618                  /lib/x86_64-linux-gnu/libc-2.27.so
7fbf8d469000-7fbf8d669000 ---p 001e7000 103:02 21631618                  /lib/x86_64-linux-gnu/libc-2.27.so
7fbf8d669000-7fbf8d66d000 r--p 001e7000 103:02 21631618                  /lib/x86_64-linux-gnu/libc-2.27.so
7fbf8d66d000-7fbf8d66f000 rw-p 001eb000 103:02 21631618                  /lib/x86_64-linux-gnu/libc-2.27.so
7fbf8d66f000-7fbf8d673000 rw-p 00000000 00:00 0 
7fbf8d673000-7fbf8d676000 r-xp 00000000 103:02 21631641                  /lib/x86_64-linux-gnu/libdl-2.27.so
7fbf8d676000-7fbf8d875000 ---p 00003000 103:02 21631641                  /lib/x86_64-linux-gnu/libdl-2.27.so
7fbf8d875000-7fbf8d876000 r--p 00002000 103:02 21631641                  /lib/x86_64-linux-gnu/libdl-2.27.so
7fbf8d876000-7fbf8d877000 rw-p 00003000 103:02 21631641                  /lib/x86_64-linux-gnu/libdl-2.27.so
7fbf8d877000-7fbf8d88e000 r-xp 00000000 103:02 9570593                   /usr/lib/jvm/java-8-oracle/lib/amd64/jli/libjli.so
7fbf8d88e000-7fbf8da8d000 ---p 00017000 103:02 9570593                   /usr/lib/jvm/java-8-oracle/lib/amd64/jli/libjli.so
7fbf8da8d000-7fbf8da8e000 r--p 00016000 103:02 9570593                   /usr/lib/jvm/java-8-oracle/lib/amd64/jli/libjli.so
7fbf8da8e000-7fbf8da8f000 rw-p 00017000 103:02 9570593                   /usr/lib/jvm/java-8-oracle/lib/amd64/jli/libjli.so
7fbf8da8f000-7fbf8daa9000 r-xp 00000000 103:02 21631751                  /lib/x86_64-linux-gnu/libpthread-2.27.so
7fbf8daa9000-7fbf8dca8000 ---p 0001a000 103:02 21631751                  /lib/x86_64-linux-gnu/libpthread-2.27.so
7fbf8dca8000-7fbf8dca9000 r--p 00019000 103:02 21631751                  /lib/x86_64-linux-gnu/libpthread-2.27.so
7fbf8dca9000-7fbf8dcaa000 rw-p 0001a000 103:02 21631751                  /lib/x86_64-linux-gnu/libpthread-2.27.so
7fbf8dcaa000-7fbf8dcae000 rw-p 00000000 00:00 0 
7fbf8dcae000-7fbf8dcd5000 r-xp 00000000 103:02 21631590                  /lib/x86_64-linux-gnu/ld-2.27.so
7fbf8dcdd000-7fbf8dce3000 r--s 00032000 103:02 3936857                   /home/tmachado/.gradle/caches/modules-2/files-2.1/jaxen/jaxen/1.1.1/9f5d3c5974dbe5cf69c2c2ec7d8a4eb6e0fce7f9/jaxen-1.1.1.jar
7fbf8dce3000-7fbf8dce8000 r--s 00048000 103:02 3936855                   /home/tmachado/.gradle/caches/modules-2/files-2.1/dom4j/dom4j/1.6.1/5d3ccc056b6f056dbf0dddfdf43894b9065a8f94/dom4j-1.6.1.jar
7fbf8dce8000-7fbf8dcef000 r--s 00046000 103:02 3936854                   /home/tmachado/.gradle/caches/modules-2/files-2.1/com.thoughtworks.qdox/qdox/2.0-M5/af8aa9eecb7576ef74baf19c0bdaf62ff13feb91/qdox-2.0-M5.jar
7fbf8dcef000-7fbf8ddb9000 rw-p 00000000 00:00 0 
7fbf8ddb9000-7fbf8ddba000 ---p 00000000 00:00 0 
7fbf8ddba000-7fbf8ddbd000 ---p 00000000 00:00 0 
7fbf8ddbd000-7fbf8debe000 rw-p 00000000 00:00 0 
7fbf8dec2000-7fbf8decb000 r--s 00073000 103:02 3934999                   /home/tmachado/.gradle/caches/modules-2/files-2.1/com.liferay/com.liferay.portal.tools.service.builder/1.0.248/54635793d5e6cc0517c1bfee3ca41dcda486c832/com.liferay.portal.tools.service.builder-1.0.248.jar
7fbf8decb000-7fbf8ded3000 rw-s 00000000 103:02 3932475                   /tmp/hsperfdata_tmachado/2702
7fbf8ded3000-7fbf8ded4000 rw-p 00000000 00:00 0 
7fbf8ded4000-7fbf8ded5000 ---p 00000000 00:00 0 
7fbf8ded5000-7fbf8ded6000 r--p 00027000 103:02 21631590                  /lib/x86_64-linux-gnu/ld-2.27.so
7fbf8ded6000-7fbf8ded7000 rw-p 00028000 103:02 21631590                  /lib/x86_64-linux-gnu/ld-2.27.so
7fbf8ded7000-7fbf8ded8000 rw-p 00000000 00:00 0 
7ffecd011000-7ffecd033000 rw-p 00000000 00:00 0                          [stack]
7ffecd042000-7ffecd045000 r--p 00000000 00:00 0                          [vvar]
7ffecd045000-7ffecd047000 r-xp 00000000 00:00 0                          [vdso]
ffffffffff600000-ffffffffff601000 r-xp 00000000 00:00 0                  [vsyscall]

VM Arguments:
jvm_args: -Dfile.encoding=UTF-8 -Duser.country=US -Duser.language=en -Duser.variant 
java_command: com.liferay.portal.tools.service.builder.ServiceBuilder service.api.dir=../movies-api/src/main/java service.auto.import.default.references=true service.auto.namespace.tables=true service.bean.locator.util=com.liferay.util.bean.PortletBeanLocatorUtil service.build.number.increment=true service.build.number=1 service.database.name.max.length=30 service.hbm.file=src/main/resources/META-INF/module-hbm.xml service.impl.dir=src/main/java service.input.file=service.xml service.model.hints.configs=classpath*:META-INF/portal-model-hints.xml,META-INF/portal-model-hints.xml,classpath*:META-INF/ext-model-hints.xml,classpath*:META-INF/portlet-model-hints.xml,src/main/resources/META-INF/portlet-model-hints.xml service.model.hints.file=src/main/resources/META-INF/portlet-model-hints.xml service.osgi.module=true service.plugin.name= service.props.util=com.liferay.training.movies.service.util.ServiceProps service.read.only.prefixes=search,load,reindex,fetch,get,is,has,dynamicQuery service.resource.actions.configs=META-INF/resource-actions/default.xml,resource-actions/default.xml service.resources.dir=src/main/resources service.spring.configurator.enabled=false service.spring.file=src/main/resources/META-INF/spring/module-spring.xml service.spring.namespaces=beans service.sql.dir=src/main/resources/META-INF/sql service.sql.file=tables.sql service.sql.indexes.file=indexes.sql service.sql.sequences.file=sequences.sql service.target.entity.name=${service.target.entity.name}
java_class_path (initial): /home/tmachado/.gradle/caches/modules-2/files-2.1/com.liferay/com.liferay.portal.tools.service.builder/1.0.248/54635793d5e6cc0517c1bfee3ca41dcda486c832/com.liferay.portal.tools.service.builder-1.0.248.jar:/home/tmachado/.gradle/caches/modules-2/files-2.1/com.thoughtworks.qdox/qdox/2.0-M5/af8aa9eecb7576ef74baf19c0bdaf62ff13feb91/qdox-2.0-M5.jar:/home/tmachado/.gradle/caches/modules-2/files-2.1/dom4j/dom4j/1.6.1/5d3ccc056b6f056dbf0dddfdf43894b9065a8f94/dom4j-1.6.1.jar:/home/tmachado/.gradle/caches/modules-2/files-2.1/jalopy/jalopy/1.5rc3/a6b23c9c7d3852ee494046d9680aa86bcccf8ece/jalopy-1.5rc3.jar:/home/tmachado/.gradle/caches/modules-2/files-2.1/jaxen/jaxen/1.1.1/9f5d3c5974dbe5cf69c2c2ec7d8a4eb6e0fce7f9/jaxen-1.1.1.jar:/home/tmachado/.gradle/caches/modules-2/files-2.1/log4j/log4j/1.2.17/5af35056b4d257e4b64b9e8069c0746e8b08629f/log4j-1.2.17.jar:/home/tmachado/.gradle/caches/modules-2/files-2.1/org.freemarker/freemarker/2.3.23/cd143cd8c02a9f838e3cb75a6dfe133750437f6d/freemarker-2.3.23.jar
Launcher Type: SUN_STANDARD

Environment Variables:
JAVA_HOME=/usr/lib/jvm/java-8-oracle
PATH=/usr/local/sbin:/usr/local/bin:/usr/sbin:/usr/bin:/sbin:/bin:/usr/games:/usr/local/games:/snap/bin:/usr/lib/jvm/java-8-oracle/bin:/usr/lib/jvm/java-8-oracle/db/bin:/usr/lib/jvm/java-8-oracle/jre/bin:/home/tmachado/jpm/bin
USERNAME=tmachado
SHELL=/bin/bash
DISPLAY=:0

Signal Handlers:
SIGSEGV: [libjvm.so+0xad3e60], sa_mask[0]=11111111011111111101111111111110, sa_flags=SA_RESTART|SA_SIGINFO
SIGBUS: [libjvm.so+0xad3e60], sa_mask[0]=11111111011111111101111111111110, sa_flags=SA_RESTART|SA_SIGINFO
SIGFPE: [libjvm.so+0x90b880], sa_mask[0]=11111111011111111101111111111110, sa_flags=SA_RESTART|SA_SIGINFO
SIGPIPE: [libjvm.so+0x90b880], sa_mask[0]=11111111011111111101111111111110, sa_flags=SA_RESTART|SA_SIGINFO
SIGXFSZ: [libjvm.so+0x90b880], sa_mask[0]=11111111011111111101111111111110, sa_flags=SA_RESTART|SA_SIGINFO
SIGILL: [libjvm.so+0x90b880], sa_mask[0]=11111111011111111101111111111110, sa_flags=SA_RESTART|SA_SIGINFO
SIGUSR1: SIG_DFL, sa_mask[0]=00000000000000000000000000000000, sa_flags=none
SIGUSR2: [libjvm.so+0x90b750], sa_mask[0]=00100000000000000000000000000000, sa_flags=SA_RESTART|SA_SIGINFO
SIGHUP: [libjvm.so+0x90bd70], sa_mask[0]=11111111011111111101111111111110, sa_flags=SA_RESTART|SA_SIGINFO
SIGINT: [libjvm.so+0x90bd70], sa_mask[0]=11111111011111111101111111111110, sa_flags=SA_RESTART|SA_SIGINFO
SIGTERM: [libjvm.so+0x90bd70], sa_mask[0]=11111111011111111101111111111110, sa_flags=SA_RESTART|SA_SIGINFO
SIGQUIT: [libjvm.so+0x90bd70], sa_mask[0]=11111111011111111101111111111110, sa_flags=SA_RESTART|SA_SIGINFO


---------------  S Y S T E M  ---------------

OS:DISTRIB_ID=Ubuntu
DISTRIB_RELEASE=18.04
DISTRIB_CODENAME=bionic
DISTRIB_DESCRIPTION="Ubuntu 18.04.2 LTS"

uname:Linux 4.15.0-46-generic #49-Ubuntu SMP Wed Feb 6 09:33:07 UTC 2019 x86_64
libc:glibc 2.27 NPTL 2.27 
rlimit: STACK 8192k, CORE 0k, NPROC 30533, NOFILE 1048576, AS infinity
load average:1,08 1,24 1,34

/proc/meminfo:
MemTotal:        7924948 kB
MemFree:          101464 kB
MemAvailable:       7700 kB
Buffers:             856 kB
Cached:           417036 kB
SwapCached:       176384 kB
Active:          6571824 kB
Inactive:         906800 kB
Active(anon):    6559748 kB
Inactive(anon):   894080 kB
Active(file):      12076 kB
Inactive(file):    12720 kB
Unevictable:         216 kB
Mlocked:             216 kB
SwapTotal:       2097148 kB
SwapFree:              0 kB
Dirty:                72 kB
Writeback:             0 kB
AnonPages:       6886760 kB
Mapped:            65328 kB
Shmem:            392172 kB
Slab:             140080 kB
SReclaimable:      57656 kB
SUnreclaim:        82424 kB
KernelStack:       24672 kB
PageTables:        93052 kB
NFS_Unstable:          0 kB
Bounce:                0 kB
WritebackTmp:          0 kB
CommitLimit:     6059620 kB
Committed_AS:   19248580 kB
VmallocTotal:   34359738367 kB
VmallocUsed:           0 kB
VmallocChunk:          0 kB
HardwareCorrupted:     0 kB
AnonHugePages:         0 kB
ShmemHugePages:        0 kB
ShmemPmdMapped:        0 kB
CmaTotal:              0 kB
CmaFree:               0 kB
HugePages_Total:       0
HugePages_Free:        0
HugePages_Rsvd:        0
HugePages_Surp:        0
Hugepagesize:       2048 kB
DirectMap4k:      295816 kB
DirectMap2M:     7847936 kB
DirectMap1G:           0 kB

container (cgroup) information:
container_type: cgroupv1
cpu_cpuset_cpus: 0-7
cpu_memory_nodes: 0
active_processor_count: 8
cpu_quota: -1
cpu_period: 100000
cpu_shares: -1
memory_limit_in_bytes: -1
memory_and_swap_limit_in_bytes: -2
memory_soft_limit_in_bytes: -1
memory_usage_in_bytes: 7643807744
memory_max_usage_in_bytes: 2088960


CPU:total 8 (initial active 8) (4 cores per cpu, 2 threads per core) family 6 model 142 stepping 10, cmov, cx8, fxsr, mmx, sse, sse2, sse3, ssse3, sse4.1, sse4.2, popcnt, avx, avx2, aes, clmul, erms, 3dnowpref, lzcnt, ht, tsc, tscinvbit, bmi1, bmi2, adx

/proc/cpuinfo:
processor	: 0
vendor_id	: GenuineIntel
cpu family	: 6
model		: 142
model name	: Intel(R) Core(TM) i7-8550U CPU @ 1.80GHz
stepping	: 10
microcode	: 0x96
cpu MHz		: 2600.000
cache size	: 8192 KB
physical id	: 0
siblings	: 8
core id		: 0
cpu cores	: 4
apicid		: 0
initial apicid	: 0
fpu		: yes
fpu_exception	: yes
cpuid level	: 22
wp		: yes
flags		: fpu vme de pse tsc msr pae mce cx8 apic sep mtrr pge mca cmov pat pse36 clflush dts acpi mmx fxsr sse sse2 ss ht tm pbe syscall nx pdpe1gb rdtscp lm constant_tsc art arch_perfmon pebs bts rep_good nopl xtopology nonstop_tsc cpuid aperfmperf tsc_known_freq pni pclmulqdq dtes64 monitor ds_cpl vmx est tm2 ssse3 sdbg fma cx16 xtpr pdcm pcid sse4_1 sse4_2 x2apic movbe popcnt tsc_deadline_timer aes xsave avx f16c rdrand lahf_lm abm 3dnowprefetch cpuid_fault epb invpcid_single pti ssbd ibrs ibpb stibp tpr_shadow vnmi flexpriority ept vpid fsgsbase tsc_adjust bmi1 avx2 smep bmi2 erms invpcid mpx rdseed adx smap clflushopt intel_pt xsaveopt xsavec xgetbv1 xsaves dtherm ida arat pln pts hwp hwp_notify hwp_act_window hwp_epp flush_l1d
bugs		: cpu_meltdown spectre_v1 spectre_v2 spec_store_bypass l1tf
bogomips	: 3984.00
clflush size	: 64
cache_alignment	: 64
address sizes	: 39 bits physical, 48 bits virtual
power management:

processor	: 1
vendor_id	: GenuineIntel
cpu family	: 6
model		: 142
model name	: Intel(R) Core(TM) i7-8550U CPU @ 1.80GHz
stepping	: 10
microcode	: 0x96
cpu MHz		: 2600.000
cache size	: 8192 KB
physical id	: 0
siblings	: 8
core id		: 1
cpu cores	: 4
apicid		: 2
initial apicid	: 2
fpu		: yes
fpu_exception	: yes
cpuid level	: 22
wp		: yes
flags		: fpu vme de pse tsc msr pae mce cx8 apic sep mtrr pge mca cmov pat pse36 clflush dts acpi mmx fxsr sse sse2 ss ht tm pbe syscall nx pdpe1gb rdtscp lm constant_tsc art arch_perfmon pebs bts rep_good nopl xtopology nonstop_tsc cpuid aperfmperf tsc_known_freq pni pclmulqdq dtes64 monitor ds_cpl vmx est tm2 ssse3 sdbg fma cx16 xtpr pdcm pcid sse4_1 sse4_2 x2apic movbe popcnt tsc_deadline_timer aes xsave avx f16c rdrand lahf_lm abm 3dnowprefetch cpuid_fault epb invpcid_single pti ssbd ibrs ibpb stibp tpr_shadow vnmi flexpriority ept vpid fsgsbase tsc_adjust bmi1 avx2 smep bmi2 erms invpcid mpx rdseed adx smap clflushopt intel_pt xsaveopt xsavec xgetbv1 xsaves dtherm ida arat pln pts hwp hwp_notify hwp_act_window hwp_epp flush_l1d
bugs		: cpu_meltdown spectre_v1 spectre_v2 spec_store_bypass l1tf
bogomips	: 3984.00
clflush size	: 64
cache_alignment	: 64
address sizes	: 39 bits physical, 48 bits virtual
power management:

processor	: 2
vendor_id	: GenuineIntel
cpu family	: 6
model		: 142
model name	: Intel(R) Core(TM) i7-8550U CPU @ 1.80GHz
stepping	: 10
microcode	: 0x96
cpu MHz		: 2600.018
cache size	: 8192 KB
physical id	: 0
siblings	: 8
core id		: 2
cpu cores	: 4
apicid		: 4
initial apicid	: 4
fpu		: yes
fpu_exception	: yes
cpuid level	: 22
wp		: yes
flags		: fpu vme de pse tsc msr pae mce cx8 apic sep mtrr pge mca cmov pat pse36 clflush dts acpi mmx fxsr sse sse2 ss ht tm pbe syscall nx pdpe1gb rdtscp lm constant_tsc art arch_perfmon pebs bts rep_good nopl xtopology nonstop_tsc cpuid aperfmperf tsc_known_freq pni pclmulqdq dtes64 monitor ds_cpl vmx est tm2 ssse3 sdbg fma cx16 xtpr pdcm pcid sse4_1 sse4_2 x2apic movbe popcnt tsc_deadline_timer aes xsave avx f16c rdrand lahf_lm abm 3dnowprefetch cpuid_fault epb invpcid_single pti ssbd ibrs ibpb stibp tpr_shadow vnmi flexpriority ept vpid fsgsbase tsc_adjust bmi1 avx2 smep bmi2 erms invpcid mpx rdseed adx smap clflushopt intel_pt xsaveopt xsavec xgetbv1 xsaves dtherm ida arat pln pts hwp hwp_notify hwp_act_window hwp_epp flush_l1d
bugs		: cpu_meltdown spectre_v1 spectre_v2 spec_store_bypass l1tf
bogomips	: 3984.00
clflush size	: 64
cache_alignment	: 64
address sizes	: 39 bits physical, 48 bits virtual
power management:

processor	: 3
vendor_id	: GenuineIntel
cpu family	: 6
model		: 142
model name	: Intel(R) Core(TM) i7-8550U CPU @ 1.80GHz
stepping	: 10
microcode	: 0x96
cpu MHz		: 2599.998
cache size	: 8192 KB
physical id	: 0
siblings	: 8
core id		: 3
cpu cores	: 4
apicid		: 6
initial apicid	: 6
fpu		: yes
fpu_exception	: yes
cpuid level	: 22
wp		: yes
flags		: fpu vme de pse tsc msr pae mce cx8 apic sep mtrr pge mca cmov pat pse36 clflush dts acpi mmx fxsr sse sse2 ss ht tm pbe syscall nx pdpe1gb rdtscp lm constant_tsc art arch_perfmon pebs bts rep_good nopl xtopology nonstop_tsc cpuid aperfmperf tsc_known_freq pni pclmulqdq dtes64 monitor ds_cpl vmx est tm2 ssse3 sdbg fma cx16 xtpr pdcm pcid sse4_1 sse4_2 x2apic movbe popcnt tsc_deadline_timer aes xsave avx f16c rdrand lahf_lm abm 3dnowprefetch cpuid_fault epb invpcid_single pti ssbd ibrs ibpb stibp tpr_shadow vnmi flexpriority ept vpid fsgsbase tsc_adjust bmi1 avx2 smep bmi2 erms invpcid mpx rdseed adx smap clflushopt intel_pt xsaveopt xsavec xgetbv1 xsaves dtherm ida arat pln pts hwp hwp_notify hwp_act_window hwp_epp flush_l1d
bugs		: cpu_meltdown spectre_v1 spectre_v2 spec_store_bypass l1tf
bogomips	: 3984.00
clflush size	: 64
cache_alignment	: 64
address sizes	: 39 bits physical, 48 bits virtual
power management:

processor	: 4
vendor_id	: GenuineIntel
cpu family	: 6
model		: 142
model name	: Intel(R) Core(TM) i7-8550U CPU @ 1.80GHz
stepping	: 10
microcode	: 0x96
cpu MHz		: 2600.003
cache size	: 8192 KB
physical id	: 0
siblings	: 8
core id		: 0
cpu cores	: 4
apicid		: 1
initial apicid	: 1
fpu		: yes
fpu_exception	: yes
cpuid level	: 22
wp		: yes
flags		: fpu vme de pse tsc msr pae mce cx8 apic sep mtrr pge mca cmov pat pse36 clflush dts acpi mmx fxsr sse sse2 ss ht tm pbe syscall nx pdpe1gb rdtscp lm constant_tsc art arch_perfmon pebs bts rep_good nopl xtopology nonstop_tsc cpuid aperfmperf tsc_known_freq pni pclmulqdq dtes64 monitor ds_cpl vmx est tm2 ssse3 sdbg fma cx16 xtpr pdcm pcid sse4_1 sse4_2 x2apic movbe popcnt tsc_deadline_timer aes xsave avx f16c rdrand lahf_lm abm 3dnowprefetch cpuid_fault epb invpcid_single pti ssbd ibrs ibpb stibp tpr_shadow vnmi flexpriority ept vpid fsgsbase tsc_adjust bmi1 avx2 smep bmi2 erms invpcid mpx rdseed adx smap clflushopt intel_pt xsaveopt xsavec xgetbv1 xsaves dtherm ida arat pln pts hwp hwp_notify hwp_act_window hwp_epp flush_l1d
bugs		: cpu_meltdown spectre_v1 spectre_v2 spec_store_bypass l1tf
bogomips	: 3984.00
clflush size	: 64
cache_alignment	: 64
address sizes	: 39 bits physical, 48 bits virtual
power management:

processor	: 5
vendor_id	: GenuineIntel
cpu family	: 6
model		: 142
model name	: Intel(R) Core(TM) i7-8550U CPU @ 1.80GHz
stepping	: 10
microcode	: 0x96
cpu MHz		: 2599.998
cache size	: 8192 KB
physical id	: 0
siblings	: 8
core id		: 1
cpu cores	: 4
apicid		: 3
initial apicid	: 3
fpu		: yes
fpu_exception	: yes
cpuid level	: 22
wp		: yes
flags		: fpu vme de pse tsc msr pae mce cx8 apic sep mtrr pge mca cmov pat pse36 clflush dts acpi mmx fxsr sse sse2 ss ht tm pbe syscall nx pdpe1gb rdtscp lm constant_tsc art arch_perfmon pebs bts rep_good nopl xtopology nonstop_tsc cpuid aperfmperf tsc_known_freq pni pclmulqdq dtes64 monitor ds_cpl vmx est tm2 ssse3 sdbg fma cx16 xtpr pdcm pcid sse4_1 sse4_2 x2apic movbe popcnt tsc_deadline_timer aes xsave avx f16c rdrand lahf_lm abm 3dnowprefetch cpuid_fault epb invpcid_single pti ssbd ibrs ibpb stibp tpr_shadow vnmi flexpriority ept vpid fsgsbase tsc_adjust bmi1 avx2 smep bmi2 erms invpcid mpx rdseed adx smap clflushopt intel_pt xsaveopt xsavec xgetbv1 xsaves dtherm ida arat pln pts hwp hwp_notify hwp_act_window hwp_epp flush_l1d
bugs		: cpu_meltdown spectre_v1 spectre_v2 spec_store_bypass l1tf
bogomips	: 3984.00
clflush size	: 64
cache_alignment	: 64
address sizes	: 39 bits physical, 48 bits virtual
power management:

processor	: 6
vendor_id	: GenuineIntel
cpu family	: 6
model		: 142
model name	: Intel(R) Core(TM) i7-8550U CPU @ 1.80GHz
stepping	: 10
microcode	: 0x96
cpu MHz		: 2599.995
cache size	: 8192 KB
physical id	: 0
siblings	: 8
core id		: 2
cpu cores	: 4
apicid		: 5
initial apicid	: 5
fpu		: yes
fpu_exception	: yes
cpuid level	: 22
wp		: yes
flags		: fpu vme de pse tsc msr pae mce cx8 apic sep mtrr pge mca cmov pat pse36 clflush dts acpi mmx fxsr sse sse2 ss ht tm pbe syscall nx pdpe1gb rdtscp lm constant_tsc art arch_perfmon pebs bts rep_good nopl xtopology nonstop_tsc cpuid aperfmperf tsc_known_freq pni pclmulqdq dtes64 monitor ds_cpl vmx est tm2 ssse3 sdbg fma cx16 xtpr pdcm pcid sse4_1 sse4_2 x2apic movbe popcnt tsc_deadline_timer aes xsave avx f16c rdrand lahf_lm abm 3dnowprefetch cpuid_fault epb invpcid_single pti ssbd ibrs ibpb stibp tpr_shadow vnmi flexpriority ept vpid fsgsbase tsc_adjust bmi1 avx2 smep bmi2 erms invpcid mpx rdseed adx smap clflushopt intel_pt xsaveopt xsavec xgetbv1 xsaves dtherm ida arat pln pts hwp hwp_notify hwp_act_window hwp_epp flush_l1d
bugs		: cpu_meltdown spectre_v1 spectre_v2 spec_store_bypass l1tf
bogomips	: 3984.00
clflush size	: 64
cache_alignment	: 64
address sizes	: 39 bits physical, 48 bits virtual
power management:

processor	: 7
vendor_id	: GenuineIntel
cpu family	: 6
model		: 142
model name	: Intel(R) Core(TM) i7-8550U CPU @ 1.80GHz
stepping	: 10
microcode	: 0x96
cpu MHz		: 2600.000
cache size	: 8192 KB
physical id	: 0
siblings	: 8
core id		: 3
cpu cores	: 4
apicid		: 7
initial apicid	: 7
fpu		: yes
fpu_exception	: yes
cpuid level	: 22
wp		: yes
flags		: fpu vme de pse tsc msr pae mce cx8 apic sep mtrr pge mca cmov pat pse36 clflush dts acpi mmx fxsr sse sse2 ss ht tm pbe syscall nx pdpe1gb rdtscp lm constant_tsc art arch_perfmon pebs bts rep_good nopl xtopology nonstop_tsc cpuid aperfmperf tsc_known_freq pni pclmulqdq dtes64 monitor ds_cpl vmx est tm2 ssse3 sdbg fma cx16 xtpr pdcm pcid sse4_1 sse4_2 x2apic movbe popcnt tsc_deadline_timer aes xsave avx f16c rdrand lahf_lm abm 3dnowprefetch cpuid_fault epb invpcid_single pti ssbd ibrs ibpb stibp tpr_shadow vnmi flexpriority ept vpid fsgsbase tsc_adjust bmi1 avx2 smep bmi2 erms invpcid mpx rdseed adx smap clflushopt intel_pt xsaveopt xsavec xgetbv1 xsaves dtherm ida arat pln pts hwp hwp_notify hwp_act_window hwp_epp flush_l1d
bugs		: cpu_meltdown spectre_v1 spectre_v2 spec_store_bypass l1tf
bogomips	: 3984.00
clflush size	: 64
cache_alignment	: 64
address sizes	: 39 bits physical, 48 bits virtual
power management:



Memory: 4k page, physical 7924948k(101772k free), swap 2097148k(0k free)

vm_info: Java HotSpot(TM) 64-Bit Server VM (25.201-b09) for linux-amd64 JRE (1.8.0_201-b09), built on Dec 15 2018 11:35:59 by "java_re" with gcc 7.3.0

time: Fri Mar 22 12:03:11 2019
timezone: WET
elapsed time: 4 seconds (0d 0h 0m 4s)

